[debug] [2022-06-07T02:20:56.996Z] ----------------------------------------------------------------------
[debug] [2022-06-07T02:20:56.998Z] Command:       C:\Program Files\nodejs\node.exe C:\Users\BANZI\AppData\Roaming\npm\node_modules\firebase-tools\lib\bin\firebase.js init
[debug] [2022-06-07T02:20:56.999Z] CLI Version:   11.0.1
[debug] [2022-06-07T02:20:56.999Z] Platform:      win32
[debug] [2022-06-07T02:20:56.999Z] Node Version:  v16.15.1
[debug] [2022-06-07T02:20:57.000Z] Time:          Tue Jun 07 2022 04:20:56 GMT+0200 (South Africa Standard Time)
[debug] [2022-06-07T02:20:57.000Z] ----------------------------------------------------------------------
[debug] 
[debug] [2022-06-07T02:20:57.006Z] > command requires scopes: ["email","openid","https://www.googleapis.com/auth/cloudplatformprojects.readonly","https://www.googleapis.com/auth/firebase","https://www.googleapis.com/auth/cloud-platform"]
[debug] [2022-06-07T02:20:57.006Z] > authorizing via signed-in user (transport88system@gmail.com)
[info] 
     ######## #### ########  ######## ########     ###     ######  ########
     ##        ##  ##     ## ##       ##     ##  ##   ##  ##       ##
     ######    ##  ########  ######   ########  #########  ######  ######
     ##        ##  ##    ##  ##       ##     ## ##     ##       ## ##
     ##       #### ##     ## ######## ########  ##     ##  ######  ########

You're about to initialize a Firebase project in this directory:

  C:\tms

Before we get started, keep in mind:

  * You are currently outside your home directory

[info] 
=== Project Setup
[info] 
[info] First, let's associate this project directory with a Firebase project.
[info] You can create multiple project aliases by running firebase use --add, 
[info] but for now we'll just set up a default project.
[info] 
[debug] [2022-06-07T02:23:19.001Z] >>> [apiv2][query] GET https://firebase.googleapis.com/v1beta1/projects pageSize=100
[debug] [2022-06-07T02:23:20.354Z] <<< [apiv2][status] GET https://firebase.googleapis.com/v1beta1/projects 200
[debug] [2022-06-07T02:23:20.355Z] <<< [apiv2][body] GET https://firebase.googleapis.com/v1beta1/projects [omitted]
[info] i  Using project transport-management-sys-86470 (Transport Management System) 
[info] 
=== Hosting Setup
[info] 
[info] Your public directory is the folder (relative to your project directory) that
[info] will contain Hosting assets to be uploaded with firebase deploy. If you
[info] have a build process for your assets, use your build's output directory.
[info] 
